<?xml version="1.0" encoding="UTF-8"?>
<testsuite name="org.homedepo.service.ProductInfoServiceTest" time="0.147" tests="8" errors="0" skipped="0" failures="0">
  <properties>
    <property name="java.runtime.name" value="Java(TM) SE Runtime Environment"/>
    <property name="sun.boot.library.path" value="C:\Program Files\Java1\jdk1.8.0_151\jre\bin"/>
    <property name="java.vm.version" value="25.151-b12"/>
    <property name="java.vm.vendor" value="Oracle Corporation"/>
    <property name="java.vendor.url" value="http://java.oracle.com/"/>
    <property name="path.separator" value=";"/>
    <property name="guice.disable.misplaced.annotation.check" value="true"/>
    <property name="java.vm.name" value="Java HotSpot(TM) 64-Bit Server VM"/>
    <property name="file.encoding.pkg" value="sun.io"/>
    <property name="user.script" value=""/>
    <property name="user.country" value="IN"/>
    <property name="sun.java.launcher" value="SUN_STANDARD"/>
    <property name="sun.os.patch.level" value=""/>
    <property name="java.vm.specification.name" value="Java Virtual Machine Specification"/>
    <property name="user.dir" value="C:\Users\siju\Documents\workspace-sts-3.9.0.RELEASE\CustomerReview"/>
    <property name="java.runtime.version" value="1.8.0_151-b12"/>
    <property name="java.awt.graphicsenv" value="sun.awt.Win32GraphicsEnvironment"/>
    <property name="java.endorsed.dirs" value="C:\Program Files\Java1\jdk1.8.0_151\jre\lib\endorsed"/>
    <property name="os.arch" value="amd64"/>
    <property name="java.io.tmpdir" value="C:\Users\siju\AppData\Local\Temp\"/>
    <property name="line.separator" value="&#10;"/>
    <property name="java.vm.specification.vendor" value="Oracle Corporation"/>
    <property name="user.variant" value=""/>
    <property name="os.name" value="Windows 10"/>
    <property name="classworlds.conf" value="C:\Siju\Installables\apache-maven-3.2.5-bin\apache-maven-3.2.5\bin\m2.conf"/>
    <property name="sun.jnu.encoding" value="Cp1252"/>
    <property name="java.library.path" value="C:\Program Files\Java1\jdk1.8.0_151\bin;C:\WINDOWS\Sun\Java\bin;C:\WINDOWS\system32;C:\WINDOWS;C:\ProgramData\Oracle\Java\javapath;c:\Program Files (x86)\Intel\iCLS Client\;c:\Program Files\Intel\iCLS Client\;C:\WINDOWS\system32;C:\WINDOWS;C:\WINDOWS\System32\Wbem;C:\WINDOWS\System32\WindowsPowerShell\v1.0\;C:\Program Files\Intel\Intel(R) Management Engine Components\DAL;C:\Program Files\Intel\Intel(R) Management Engine Components\IPT;C:\Program Files (x86)\Intel\Intel(R) Management Engine Components\DAL;C:\Program Files (x86)\Intel\Intel(R) Management Engine Components\IPT;C:\Program Files\Intel\WiFi\bin\;C:\Program Files\Common Files\Intel\WirelessCommon\;C:\Siju\Installables\apache-maven-3.2.5-bin\apache-maven-3.2.5\bin;C:\Program Files\MongoDB\Server\3.0\bin;C:\Program Files (x86)\Skype\Phone\;C:\Python27;C:\Program Files\Git\cmd;C:\Program Files\nodejs\;C:\Users\siju\AppData\Local\Microsoft\WindowsApps;C:\Users\siju\AppData\Roaming\npm;."/>
    <property name="java.specification.name" value="Java Platform API Specification"/>
    <property name="java.class.version" value="52.0"/>
    <property name="sun.management.compiler" value="HotSpot 64-Bit Tiered Compilers"/>
    <property name="os.version" value="10.0"/>
    <property name="user.home" value="C:\Users\siju"/>
    <property name="user.timezone" value="America/New_York"/>
    <property name="java.awt.printerjob" value="sun.awt.windows.WPrinterJob"/>
    <property name="java.specification.version" value="1.8"/>
    <property name="file.encoding" value="Cp1252"/>
    <property name="user.name" value="siju"/>
    <property name="java.class.path" value="C:\Siju\Installables\apache-maven-3.2.5-bin\apache-maven-3.2.5\boot\plexus-classworlds-2.5.2.jar"/>
    <property name="java.vm.specification.version" value="1.8"/>
    <property name="sun.arch.data.model" value="64"/>
    <property name="java.home" value="C:\Program Files\Java1\jdk1.8.0_151\jre"/>
    <property name="sun.java.command" value="org.codehaus.plexus.classworlds.launcher.Launcher clean install"/>
    <property name="java.specification.vendor" value="Oracle Corporation"/>
    <property name="user.language" value="en"/>
    <property name="awt.toolkit" value="sun.awt.windows.WToolkit"/>
    <property name="java.vm.info" value="mixed mode"/>
    <property name="java.version" value="1.8.0_151"/>
    <property name="java.ext.dirs" value="C:\Program Files\Java1\jdk1.8.0_151\jre\lib\ext;C:\WINDOWS\Sun\Java\lib\ext"/>
    <property name="sun.boot.class.path" value="C:\Program Files\Java1\jdk1.8.0_151\jre\lib\resources.jar;C:\Program Files\Java1\jdk1.8.0_151\jre\lib\rt.jar;C:\Program Files\Java1\jdk1.8.0_151\jre\lib\sunrsasign.jar;C:\Program Files\Java1\jdk1.8.0_151\jre\lib\jsse.jar;C:\Program Files\Java1\jdk1.8.0_151\jre\lib\jce.jar;C:\Program Files\Java1\jdk1.8.0_151\jre\lib\charsets.jar;C:\Program Files\Java1\jdk1.8.0_151\jre\lib\jfr.jar;C:\Program Files\Java1\jdk1.8.0_151\jre\classes"/>
    <property name="sun.stderr.encoding" value="cp437"/>
    <property name="java.vendor" value="Oracle Corporation"/>
    <property name="maven.home" value="C:\Siju\Installables\apache-maven-3.2.5-bin\apache-maven-3.2.5"/>
    <property name="file.separator" value="\"/>
    <property name="java.vendor.url.bug" value="http://bugreport.sun.com/bugreport/"/>
    <property name="sun.cpu.endian" value="little"/>
    <property name="sun.io.unicode.encoding" value="UnicodeLittle"/>
    <property name="sun.stdout.encoding" value="cp437"/>
    <property name="sun.desktop" value="windows"/>
    <property name="sun.cpu.isalist" value="amd64"/>
  </properties>
  <testcase name="updateProduct_SUCCESS" classname="org.homedepo.service.ProductInfoServiceTest" time="0.044"/>
  <testcase name="createProduct_throwing_vaidation_error_productId" classname="org.homedepo.service.ProductInfoServiceTest" time="0.018"/>
  <testcase name="getProduct_PRODUCT_NOT_AVAILABLE_IN_DB" classname="org.homedepo.service.ProductInfoServiceTest" time="0.011"/>
  <testcase name="updateProduct_throwing_vaidation_error_productId" classname="org.homedepo.service.ProductInfoServiceTest" time="0.019"/>
  <testcase name="getAll_SUCCESS" classname="org.homedepo.service.ProductInfoServiceTest" time="0.009"/>
  <testcase name="getProduct_SUCCESS" classname="org.homedepo.service.ProductInfoServiceTest" time="0.012"/>
  <testcase name="deleteProduct_SUCCESS" classname="org.homedepo.service.ProductInfoServiceTest" time="0.011"/>
  <testcase name="createProduct_SUCCESS" classname="org.homedepo.service.ProductInfoServiceTest" time="0.023"/>
</testsuite>